<?xml version="1.0" encoding="UTF-8"?>
<testsuite xmlns:xsi="http://www.w3.org/2001/XMLSchema-instance" xsi:noNamespaceSchemaLocation="https://maven.apache.org/surefire/maven-surefire-plugin/xsd/surefire-test-report-3.0.xsd" version="3.0" name="com.kodat.of.productservice.ProductServiceApplicationTests" time="16.466" tests="1" errors="0" skipped="0" failures="0">
  <properties>
[...]
</properties>
  <testcase name="shouldCreateProduct" classname="com.kodat.of.productservice.ProductServiceApplicationTests" time="0.638">
    <system-out><![CDATA[17:37:29.206 [main] INFO org.springframework.test.context.support.AnnotationConfigContextLoaderUtils -- Could not detect default configuration classes for test class [com.kodat.of.productservice.ProductServiceApplicationTests]: ProductServiceApplicationTests does not declare any static, non-private, non-final, nested classes annotated with @Configuration.
17:37:29.261 [main] INFO org.springframework.boot.test.context.SpringBootTestContextBootstrapper -- Found @SpringBootConfiguration com.kodat.of.productservice.ProductServiceApplication for test class com.kodat.of.productservice.ProductServiceApplicationTests
17:37:29.327 [main] INFO org.testcontainers.images.PullPolicy -- Image pull policy will be performed by: DefaultPullPolicy()
17:37:29.328 [main] INFO org.testcontainers.utility.ImageNameSubstitutor -- Image name substitution will be performed by: DefaultImageNameSubstitutor (composite of 'ConfigurationFileImageNameSubstitutor' and 'PrefixingImageNameSubstitutor')
17:37:29.467 [main] INFO org.testcontainers.dockerclient.DockerClientProviderStrategy -- Loaded org.testcontainers.dockerclient.UnixSocketClientProviderStrategy from ~/.testcontainers.properties, will try it first
17:37:29.645 [main] INFO org.testcontainers.dockerclient.DockerClientProviderStrategy -- Found Docker environment with local Unix socket (unix:///var/run/docker.sock)
17:37:29.646 [main] INFO org.testcontainers.DockerClientFactory -- Docker host IP address is localhost
17:37:29.661 [main] INFO org.testcontainers.DockerClientFactory -- Connected to docker: 
  Server Version: 25.0.3
  API Version: 1.44
  Operating System: Docker Desktop
  Total Memory: 3922 MB
17:37:29.703 [main] INFO tc.testcontainers/ryuk:0.6.0 -- Creating container for image: testcontainers/ryuk:0.6.0
17:37:29.709 [main] INFO org.testcontainers.utility.RegistryAuthLocator -- Failure when attempting to lookup auth config. Please ignore if you don't have images in an authenticated registry. Details: (dockerImageName: testcontainers/ryuk:0.6.0, configFile: /Users/farukkodat/.docker/config.json, configEnv: DOCKER_AUTH_CONFIG). Falling back to docker-java default behaviour. Exception message: Could not execute [docker-credential-desktop, get]. Error=2, No such file or directory
17:37:29.779 [main] INFO tc.testcontainers/ryuk:0.6.0 -- Container testcontainers/ryuk:0.6.0 is starting: a90d80a4d347625820e3b57acd4f525bdfd1ccf86a06b21508fe34b055676f30
17:37:30.151 [main] INFO tc.testcontainers/ryuk:0.6.0 -- Container testcontainers/ryuk:0.6.0 started in PT0.448261S
17:37:30.156 [main] INFO org.testcontainers.utility.RyukResourceReaper -- Ryuk started - will monitor and terminate Testcontainers containers on JVM exit
17:37:30.156 [main] INFO org.testcontainers.DockerClientFactory -- Checking the system...
17:37:30.157 [main] INFO org.testcontainers.DockerClientFactory -- ✔︎ Docker server version should be at least 1.6.0
17:37:30.157 [main] INFO tc.mongo:7.0.7-rc2-jammy -- Creating container for image: mongo:7.0.7-rc2-jammy
17:37:30.195 [main] INFO tc.mongo:7.0.7-rc2-jammy -- Container mongo:7.0.7-rc2-jammy is starting: df7e880781afeefc989332488a62f6afa84cda35db10ae3bda1f7dce6721b9cd
17:37:30.427 [main] WARN tc.mongo:7.0.7-rc2-jammy -- The architecture 'amd64' for image 'mongo:7.0.7-rc2-jammy' (ID sha256:cfe57ca8611c38834510ab27f5a5016566fb8ffe3cacc4cce97c5546a5adf915) does not match the Docker server architecture 'arm64'. This will cause the container to execute much more slowly due to emulation and may lead to timeout failures.
17:37:33.294 [main] INFO tc.mongo:7.0.7-rc2-jammy -- Container mongo:7.0.7-rc2-jammy started in PT3.136549S

  .   ____          _            __ _ _
 /\\ / ___'_ __ _ _(_)_ __  __ _ \ \ \ \
( ( )\___ | '_ | '_| | '_ \/ _` | \ \ \ \
 \\/  ___)| |_)| | | | | || (_| |  ) ) ) )
  '  |____| .__|_| |_|_| |_\__, | / / / /
 =========|_|==============|___/=/_/_/_/
 :: Spring Boot ::                (v3.2.3)

2024-03-16T17:37:43.978+03:00  INFO 6338 --- [product-service] [           main] c.k.o.p.ProductServiceApplicationTests   : Starting ProductServiceApplicationTests using Java 17.0.8 with PID 6338 (started by farukkodat in /Users/farukkodat/Downloads/spring-boot-projects-2/springboot-microservices-project/microservices-new/product-service)
2024-03-16T17:37:43.979+03:00  INFO 6338 --- [product-service] [           main] c.k.o.p.ProductServiceApplicationTests   : No active profile set, falling back to 1 default profile: "default"
2024-03-16T17:37:44.246+03:00  INFO 6338 --- [product-service] [           main] .s.d.r.c.RepositoryConfigurationDelegate : Bootstrapping Spring Data MongoDB repositories in DEFAULT mode.
2024-03-16T17:37:44.273+03:00  INFO 6338 --- [product-service] [           main] .s.d.r.c.RepositoryConfigurationDelegate : Finished Spring Data repository scanning in 23 ms. Found 1 MongoDB repository interface.
2024-03-16T17:37:44.464+03:00  INFO 6338 --- [product-service] [           main] org.mongodb.driver.client                : MongoClient with metadata {"driver": {"name": "mongo-java-driver|sync|spring-boot", "version": "4.11.1"}, "os": {"type": "Darwin", "name": "Mac OS X", "architecture": "aarch64", "version": "12.3.1"}, "platform": "Java/Eclipse Adoptium/17.0.8+7"} created with settings MongoClientSettings{readPreference=primary, writeConcern=WriteConcern{w=null, wTimeout=null ms, journal=null}, retryWrites=true, retryReads=true, readConcern=ReadConcern{level=null}, credential=null, transportSettings=null, streamFactoryFactory=null, commandListeners=[], codecRegistry=ProvidersCodecRegistry{codecProviders=[ValueCodecProvider{}, BsonValueCodecProvider{}, DBRefCodecProvider{}, DBObjectCodecProvider{}, DocumentCodecProvider{}, CollectionCodecProvider{}, IterableCodecProvider{}, MapCodecProvider{}, GeoJsonCodecProvider{}, GridFSFileCodecProvider{}, Jsr310CodecProvider{}, JsonObjectCodecProvider{}, BsonCodecProvider{}, EnumCodecProvider{}, com.mongodb.client.model.mql.ExpressionCodecProvider@191f4d65, com.mongodb.Jep395RecordCodecProvider@7a2a7492, com.mongodb.KotlinCodecProvider@6326c5ec]}, loggerSettings=LoggerSettings{maxDocumentLength=1000}, clusterSettings={hosts=[localhost:53499], srvServiceName=mongodb, mode=SINGLE, requiredClusterType=UNKNOWN, requiredReplicaSetName='null', serverSelector='null', clusterListeners='[]', serverSelectionTimeout='30000 ms', localThreshold='15 ms'}, socketSettings=SocketSettings{connectTimeoutMS=10000, readTimeoutMS=0, receiveBufferSize=0, proxySettings=ProxySettings{host=null, port=null, username=null, password=null}}, heartbeatSocketSettings=SocketSettings{connectTimeoutMS=10000, readTimeoutMS=10000, receiveBufferSize=0, proxySettings=ProxySettings{host=null, port=null, username=null, password=null}}, connectionPoolSettings=ConnectionPoolSettings{maxSize=100, minSize=0, maxWaitTimeMS=120000, maxConnectionLifeTimeMS=0, maxConnectionIdleTimeMS=0, maintenanceInitialDelayMS=0, maintenanceFrequencyMS=60000, connectionPoolListeners=[], maxConnecting=2}, serverSettings=ServerSettings{heartbeatFrequencyMS=10000, minHeartbeatFrequencyMS=500, serverListeners='[]', serverMonitorListeners='[]'}, sslSettings=SslSettings{enabled=false, invalidHostNameAllowed=false, context=null}, applicationName='null', compressorList=[], uuidRepresentation=JAVA_LEGACY, serverApi=null, autoEncryptionSettings=null, dnsClient=null, inetAddressResolver=null, contextProvider=null}
2024-03-16T17:37:44.484+03:00  INFO 6338 --- [product-service] [localhost:53499] org.mongodb.driver.cluster               : Monitor thread successfully connected to server with description ServerDescription{address=localhost:53499, type=REPLICA_SET_PRIMARY, state=CONNECTED, ok=true, minWireVersion=0, maxWireVersion=21, maxDocumentSize=16777216, logicalSessionTimeoutMinutes=30, roundTripTimeNanos=18247458, setName='docker-rs', canonicalAddress=df7e880781af:27017, hosts=[df7e880781af:27017], passives=[], arbiters=[], primary='df7e880781af:27017', tagSet=TagSet{[]}, electionId=7fffffff0000000000000001, setVersion=1, topologyVersion=TopologyVersion{processId=65f5aeab74a7bfaa7f938eb2, counter=6}, lastWriteDate=Sat Mar 16 17:37:39 TRT 2024, lastUpdateTimeNanos=18529779335041}
2024-03-16T17:37:44.775+03:00  INFO 6338 --- [product-service] [           main] o.s.b.t.m.w.SpringBootMockServletContext : Initializing Spring TestDispatcherServlet ''
2024-03-16T17:37:44.775+03:00  INFO 6338 --- [product-service] [           main] o.s.t.web.servlet.TestDispatcherServlet  : Initializing Servlet ''
2024-03-16T17:37:44.776+03:00  INFO 6338 --- [product-service] [           main] o.s.t.web.servlet.TestDispatcherServlet  : Completed initialization in 0 ms
2024-03-16T17:37:44.785+03:00  INFO 6338 --- [product-service] [           main] c.k.o.p.ProductServiceApplicationTests   : Started ProductServiceApplicationTests in 0.93 seconds (process running for 15.938)
2024-03-16T17:37:45.402+03:00  INFO 6338 --- [product-service] [           main] c.k.o.p.service.ProductService           : Product 65f5aeb9473425570918f7e7 is saved
]]></system-out>
  </testcase>
</testsuite>